This file contains any messages produced by compilers while
running configure, to aid debugging if configure makes a mistake.

It was created by uwoarouting configure 1.0, which was
generated by GNU Autoconf 2.69.  Invocation command line was

  $ ./configure --with-ns-allinone=/home/eduardo/DESERT_Underwater/DESERT_buildCopy_PC/.buildHost --with-nsmiracle=/home/eduardo/DESERT_Underwater/DESERT_buildCopy_PC/.buildHost/nsmiracle-1.1.2

## --------- ##
## Platform. ##
## --------- ##

hostname = BELOHORIZONTE
uname -m = x86_64
uname -r = 4.4.0-97-generic
uname -s = Linux
uname -v = #120~14.04.1-Ubuntu SMP Wed Sep 20 15:53:13 UTC 2017

/usr/bin/uname -p = unknown
/bin/uname -X     = unknown

/bin/arch              = unknown
/usr/bin/arch -k       = unknown
/usr/convex/getsysinfo = unknown
/usr/bin/hostinfo      = unknown
/bin/machine           = unknown
/usr/bin/oslevel       = unknown
/bin/universe          = unknown

PATH: /usr/local/sbin
PATH: /usr/local/bin
PATH: /usr/sbin
PATH: /usr/bin
PATH: /sbin
PATH: /bin
PATH: /usr/games
PATH: /usr/local/games


## ----------- ##
## Core tests. ##
## ----------- ##

configure:2325: checking for a BSD-compatible install
configure:2393: result: /usr/bin/install -c
configure:2404: checking whether build environment is sane
configure:2459: result: yes
configure:2610: checking for a thread-safe mkdir -p
configure:2649: result: /bin/mkdir -p
configure:2656: checking for gawk
configure:2672: found /usr/bin/gawk
configure:2683: result: gawk
configure:2694: checking whether make sets $(MAKE)
configure:2716: result: yes
configure:2745: checking whether make supports nested variables
configure:2762: result: yes
configure:2899: checking for style of include used by make
configure:2927: result: GNU
configure:2998: checking for gcc
configure:3014: found /usr/bin/gcc
configure:3025: result: gcc
configure:3254: checking for C compiler version
configure:3263: gcc --version >&5
gcc (Ubuntu 4.8.4-2ubuntu1~14.04.3) 4.8.4
Copyright (C) 2013 Free Software Foundation, Inc.
This is free software; see the source for copying conditions.  There is NO
warranty; not even for MERCHANTABILITY or FITNESS FOR A PARTICULAR PURPOSE.

configure:3274: $? = 0
configure:3263: gcc -v >&5
Using built-in specs.
COLLECT_GCC=gcc
COLLECT_LTO_WRAPPER=/usr/lib/gcc/x86_64-linux-gnu/4.8/lto-wrapper
Target: x86_64-linux-gnu
Configured with: ../src/configure -v --with-pkgversion='Ubuntu 4.8.4-2ubuntu1~14.04.3' --with-bugurl=file:///usr/share/doc/gcc-4.8/README.Bugs --enable-languages=c,c++,java,go,d,fortran,objc,obj-c++ --prefix=/usr --program-suffix=-4.8 --enable-shared --enable-linker-build-id --libexecdir=/usr/lib --without-included-gettext --enable-threads=posix --with-gxx-include-dir=/usr/include/c++/4.8 --libdir=/usr/lib --enable-nls --with-sysroot=/ --enable-clocale=gnu --enable-libstdcxx-debug --enable-libstdcxx-time=yes --enable-gnu-unique-object --disable-libmudflap --enable-plugin --with-system-zlib --disable-browser-plugin --enable-java-awt=gtk --enable-gtk-cairo --with-java-home=/usr/lib/jvm/java-1.5.0-gcj-4.8-amd64/jre --enable-java-home --with-jvm-root-dir=/usr/lib/jvm/java-1.5.0-gcj-4.8-amd64 --with-jvm-jar-dir=/usr/lib/jvm-exports/java-1.5.0-gcj-4.8-amd64 --with-arch-directory=amd64 --with-ecj-jar=/usr/share/java/eclipse-ecj.jar --enable-objc-gc --enable-multiarch --disable-werror --with-arch-32=i686 --with-abi=m64 --with-multilib-list=m32,m64,mx32 --with-tune=generic --enable-checking=release --build=x86_64-linux-gnu --host=x86_64-linux-gnu --target=x86_64-linux-gnu
Thread model: posix
gcc version 4.8.4 (Ubuntu 4.8.4-2ubuntu1~14.04.3) 
configure:3274: $? = 0
configure:3263: gcc -V >&5
gcc: error: unrecognized command line option '-V'
gcc: fatal error: no input files
compilation terminated.
configure:3274: $? = 4
configure:3263: gcc -qversion >&5
gcc: error: unrecognized command line option '-qversion'
gcc: fatal error: no input files
compilation terminated.
configure:3274: $? = 4
configure:3294: checking whether the C compiler works
configure:3316: gcc    conftest.c  >&5
configure:3320: $? = 0
configure:3368: result: yes
configure:3371: checking for C compiler default output file name
configure:3373: result: a.out
configure:3379: checking for suffix of executables
configure:3386: gcc -o conftest    conftest.c  >&5
configure:3390: $? = 0
configure:3412: result: 
configure:3434: checking whether we are cross compiling
configure:3442: gcc -o conftest    conftest.c  >&5
configure:3446: $? = 0
configure:3453: ./conftest
configure:3457: $? = 0
configure:3472: result: no
configure:3477: checking for suffix of object files
configure:3499: gcc -c   conftest.c >&5
configure:3503: $? = 0
configure:3524: result: o
configure:3528: checking whether we are using the GNU C compiler
configure:3547: gcc -c   conftest.c >&5
configure:3547: $? = 0
configure:3556: result: yes
configure:3565: checking whether gcc accepts -g
configure:3585: gcc -c -g  conftest.c >&5
configure:3585: $? = 0
configure:3626: result: yes
configure:3643: checking for gcc option to accept ISO C89
configure:3706: gcc  -c -g -O2  conftest.c >&5
configure:3706: $? = 0
configure:3719: result: none needed
configure:3744: checking whether gcc understands -c and -o together
configure:3766: gcc -c conftest.c -o conftest2.o
configure:3769: $? = 0
configure:3766: gcc -c conftest.c -o conftest2.o
configure:3769: $? = 0
configure:3781: result: yes
configure:3800: checking dependency style of gcc
configure:3911: result: gcc3
configure:3976: checking for ar
configure:3992: found /usr/bin/ar
configure:4003: result: ar
configure:4029: checking the archiver (ar) interface
configure:4045: gcc -c -g -O2  conftest.c >&5
configure:4045: $? = 0
configure:4047: ar cru libconftest.a conftest.o >&5
configure:4050: $? = 0
configure:4078: result: ar
configure:4159: checking for g++
configure:4175: found /usr/bin/g++
configure:4186: result: g++
configure:4213: checking for C++ compiler version
configure:4222: g++ --version >&5
g++ (Ubuntu 4.8.4-2ubuntu1~14.04.3) 4.8.4
Copyright (C) 2013 Free Software Foundation, Inc.
This is free software; see the source for copying conditions.  There is NO
warranty; not even for MERCHANTABILITY or FITNESS FOR A PARTICULAR PURPOSE.

configure:4233: $? = 0
configure:4222: g++ -v >&5
Using built-in specs.
COLLECT_GCC=g++
COLLECT_LTO_WRAPPER=/usr/lib/gcc/x86_64-linux-gnu/4.8/lto-wrapper
Target: x86_64-linux-gnu
Configured with: ../src/configure -v --with-pkgversion='Ubuntu 4.8.4-2ubuntu1~14.04.3' --with-bugurl=file:///usr/share/doc/gcc-4.8/README.Bugs --enable-languages=c,c++,java,go,d,fortran,objc,obj-c++ --prefix=/usr --program-suffix=-4.8 --enable-shared --enable-linker-build-id --libexecdir=/usr/lib --without-included-gettext --enable-threads=posix --with-gxx-include-dir=/usr/include/c++/4.8 --libdir=/usr/lib --enable-nls --with-sysroot=/ --enable-clocale=gnu --enable-libstdcxx-debug --enable-libstdcxx-time=yes --enable-gnu-unique-object --disable-libmudflap --enable-plugin --with-system-zlib --disable-browser-plugin --enable-java-awt=gtk --enable-gtk-cairo --with-java-home=/usr/lib/jvm/java-1.5.0-gcj-4.8-amd64/jre --enable-java-home --with-jvm-root-dir=/usr/lib/jvm/java-1.5.0-gcj-4.8-amd64 --with-jvm-jar-dir=/usr/lib/jvm-exports/java-1.5.0-gcj-4.8-amd64 --with-arch-directory=amd64 --with-ecj-jar=/usr/share/java/eclipse-ecj.jar --enable-objc-gc --enable-multiarch --disable-werror --with-arch-32=i686 --with-abi=m64 --with-multilib-list=m32,m64,mx32 --with-tune=generic --enable-checking=release --build=x86_64-linux-gnu --host=x86_64-linux-gnu --target=x86_64-linux-gnu
Thread model: posix
gcc version 4.8.4 (Ubuntu 4.8.4-2ubuntu1~14.04.3) 
configure:4233: $? = 0
configure:4222: g++ -V >&5
g++: error: unrecognized command line option '-V'
g++: fatal error: no input files
compilation terminated.
configure:4233: $? = 4
configure:4222: g++ -qversion >&5
g++: error: unrecognized command line option '-qversion'
g++: fatal error: no input files
compilation terminated.
configure:4233: $? = 4
configure:4237: checking whether we are using the GNU C++ compiler
configure:4256: g++ -c   conftest.cpp >&5
configure:4256: $? = 0
configure:4265: result: yes
configure:4274: checking whether g++ accepts -g
configure:4294: g++ -c -g  conftest.cpp >&5
configure:4294: $? = 0
configure:4335: result: yes
configure:4360: checking dependency style of g++
configure:4471: result: gcc3
configure:4486: checking whether make sets $(MAKE)
configure:4508: result: yes
configure:4554: checking build system type
configure:4568: result: x86_64-unknown-linux-gnu
configure:4588: checking host system type
configure:4601: result: x86_64-unknown-linux-gnu
configure:4970: checking how to print strings
configure:4997: result: printf
configure:5018: checking for a sed that does not truncate output
configure:5082: result: /bin/sed
configure:5100: checking for grep that handles long lines and -e
configure:5158: result: /bin/grep
configure:5163: checking for egrep
configure:5225: result: /bin/grep -E
configure:5230: checking for fgrep
configure:5292: result: /bin/grep -F
configure:5327: checking for ld used by gcc
configure:5394: result: /usr/bin/ld
configure:5401: checking if the linker (/usr/bin/ld) is GNU ld
configure:5416: result: yes
configure:5428: checking for BSD- or MS-compatible name lister (nm)
configure:5477: result: /usr/bin/nm -B
configure:5607: checking the name lister (/usr/bin/nm -B) interface
configure:5614: gcc -c -g -O2  conftest.c >&5
configure:5617: /usr/bin/nm -B "conftest.o"
configure:5620: output
0000000000000000 B some_variable
configure:5627: result: BSD nm
configure:5630: checking whether ln -s works
configure:5634: result: yes
configure:5642: checking the maximum length of command line arguments
configure:5773: result: 1572864
configure:5790: checking whether the shell understands some XSI constructs
configure:5800: result: yes
configure:5804: checking whether the shell understands "+="
configure:5810: result: yes
configure:5845: checking how to convert x86_64-unknown-linux-gnu file names to x86_64-unknown-linux-gnu format
configure:5885: result: func_convert_file_noop
configure:5892: checking how to convert x86_64-unknown-linux-gnu file names to toolchain format
configure:5912: result: func_convert_file_noop
configure:5919: checking for /usr/bin/ld option to reload object files
configure:5926: result: -r
configure:6000: checking for objdump
configure:6027: result: objdump
configure:6056: checking how to recognize dependent libraries
configure:6254: result: pass_all
configure:6339: checking for dlltool
configure:6366: result: dlltool
configure:6396: checking how to associate runtime and link libraries
configure:6423: result: printf %s\n
configure:6547: checking for archiver @FILE support
configure:6564: gcc -c -g -O2  conftest.c >&5
configure:6564: $? = 0
configure:6567: ar cru libconftest.a @conftest.lst >&5
configure:6570: $? = 0
configure:6575: ar cru libconftest.a @conftest.lst >&5
ar: conftest.o: No such file or directory
configure:6578: $? = 1
configure:6590: result: @
configure:6648: checking for strip
configure:6664: found /usr/bin/strip
configure:6675: result: strip
configure:6747: checking for ranlib
configure:6763: found /usr/bin/ranlib
configure:6774: result: ranlib
configure:6876: checking command to parse /usr/bin/nm -B output from gcc object
configure:6996: gcc -c -g -O2  conftest.c >&5
configure:6999: $? = 0
configure:7003: /usr/bin/nm -B conftest.o \| sed -n -e 's/^.*[ ]\([ABCDGIRSTW][ABCDGIRSTW]*\)[ ][ ]*\([_A-Za-z][_A-Za-z0-9]*\)$/\1 \2 \2/p' | sed '/ __gnu_lto/d' \> conftest.nm
configure:7006: $? = 0
configure:7072: gcc -o conftest -g -O2   conftest.c conftstm.o >&5
configure:7075: $? = 0
configure:7113: result: ok
configure:7150: checking for sysroot
configure:7180: result: no
configure:7257: gcc -c -g -O2  conftest.c >&5
configure:7260: $? = 0
configure:7449: checking for mt
configure:7465: found /bin/mt
configure:7476: result: mt
configure:7499: checking if mt is a manifest tool
configure:7505: mt '-?'
configure:7513: result: no
configure:8155: checking how to run the C preprocessor
configure:8186: gcc -E  conftest.c
configure:8186: $? = 0
configure:8200: gcc -E  conftest.c
conftest.c:11:28: fatal error: ac_nonexistent.h: No such file or directory
 #include <ac_nonexistent.h>
                            ^
compilation terminated.
configure:8200: $? = 1
configure: failed program was:
| /* confdefs.h */
| #define PACKAGE_NAME "uwoarouting"
| #define PACKAGE_TARNAME "uwoarouting"
| #define PACKAGE_VERSION "1.0"
| #define PACKAGE_STRING "uwoarouting 1.0"
| #define PACKAGE_BUGREPORT ""
| #define PACKAGE_URL ""
| #define PACKAGE "uwoarouting"
| #define VERSION "1.0"
| /* end confdefs.h.  */
| #include <ac_nonexistent.h>
configure:8225: result: gcc -E
configure:8245: gcc -E  conftest.c
configure:8245: $? = 0
configure:8259: gcc -E  conftest.c
conftest.c:11:28: fatal error: ac_nonexistent.h: No such file or directory
 #include <ac_nonexistent.h>
                            ^
compilation terminated.
configure:8259: $? = 1
configure: failed program was:
| /* confdefs.h */
| #define PACKAGE_NAME "uwoarouting"
| #define PACKAGE_TARNAME "uwoarouting"
| #define PACKAGE_VERSION "1.0"
| #define PACKAGE_STRING "uwoarouting 1.0"
| #define PACKAGE_BUGREPORT ""
| #define PACKAGE_URL ""
| #define PACKAGE "uwoarouting"
| #define VERSION "1.0"
| /* end confdefs.h.  */
| #include <ac_nonexistent.h>
configure:8288: checking for ANSI C header files
configure:8308: gcc -c -g -O2  conftest.c >&5
configure:8308: $? = 0
configure:8381: gcc -o conftest -g -O2   conftest.c  >&5
configure:8381: $? = 0
configure:8381: ./conftest
configure:8381: $? = 0
configure:8392: result: yes
configure:8405: checking for sys/types.h
configure:8405: gcc -c -g -O2  conftest.c >&5
configure:8405: $? = 0
configure:8405: result: yes
configure:8405: checking for sys/stat.h
configure:8405: gcc -c -g -O2  conftest.c >&5
configure:8405: $? = 0
configure:8405: result: yes
configure:8405: checking for stdlib.h
configure:8405: gcc -c -g -O2  conftest.c >&5
configure:8405: $? = 0
configure:8405: result: yes
configure:8405: checking for string.h
configure:8405: gcc -c -g -O2  conftest.c >&5
configure:8405: $? = 0
configure:8405: result: yes
configure:8405: checking for memory.h
configure:8405: gcc -c -g -O2  conftest.c >&5
configure:8405: $? = 0
configure:8405: result: yes
configure:8405: checking for strings.h
configure:8405: gcc -c -g -O2  conftest.c >&5
configure:8405: $? = 0
configure:8405: result: yes
configure:8405: checking for inttypes.h
configure:8405: gcc -c -g -O2  conftest.c >&5
configure:8405: $? = 0
configure:8405: result: yes
configure:8405: checking for stdint.h
configure:8405: gcc -c -g -O2  conftest.c >&5
configure:8405: $? = 0
configure:8405: result: yes
configure:8405: checking for unistd.h
configure:8405: gcc -c -g -O2  conftest.c >&5
configure:8405: $? = 0
configure:8405: result: yes
configure:8419: checking for dlfcn.h
configure:8419: gcc -c -g -O2  conftest.c >&5
configure:8419: $? = 0
configure:8419: result: yes
configure:8604: checking for objdir
configure:8619: result: .libs
configure:8890: checking if gcc supports -fno-rtti -fno-exceptions
configure:8908: gcc -c -g -O2  -fno-rtti -fno-exceptions conftest.c >&5
cc1: warning: command line option '-fno-rtti' is valid for C++/ObjC++ but not for C [enabled by default]
configure:8912: $? = 0
configure:8925: result: no
configure:9252: checking for gcc option to produce PIC
configure:9259: result: -fPIC -DPIC
configure:9267: checking if gcc PIC flag -fPIC -DPIC works
configure:9285: gcc -c -g -O2  -fPIC -DPIC -DPIC conftest.c >&5
configure:9289: $? = 0
configure:9302: result: yes
configure:9331: checking if gcc static flag -static works
configure:9359: result: yes
configure:9374: checking if gcc supports -c -o file.o
configure:9395: gcc -c -g -O2  -o out/conftest2.o conftest.c >&5
configure:9399: $? = 0
configure:9421: result: yes
configure:9429: checking if gcc supports -c -o file.o
configure:9476: result: yes
configure:9509: checking whether the gcc linker (/usr/bin/ld -m elf_x86_64) supports shared libraries
configure:10666: result: yes
configure:10703: checking whether -lc should be explicitly linked in
configure:10711: gcc -c -g -O2  conftest.c >&5
configure:10714: $? = 0
configure:10729: gcc -shared  -fPIC -DPIC conftest.o  -v -Wl,-soname -Wl,conftest -o conftest 2\>\&1 \| /bin/grep  -lc  \>/dev/null 2\>\&1
configure:10732: $? = 0
configure:10746: result: no
configure:10906: checking dynamic linker characteristics
configure:11406: gcc -o conftest -g -O2   -Wl,-rpath -Wl,/foo conftest.c  >&5
configure:11406: $? = 0
configure:11640: result: GNU/Linux ld.so
configure:11747: checking how to hardcode library paths into programs
configure:11772: result: immediate
configure:12312: checking whether stripping libraries is possible
configure:12317: result: yes
configure:12352: checking if libtool supports shared libraries
configure:12354: result: yes
configure:12357: checking whether to build shared libraries
configure:12378: result: yes
configure:12381: checking whether to build static libraries
configure:12385: result: no
configure:12408: checking how to run the C++ preprocessor
configure:12435: g++ -E  conftest.cpp
configure:12435: $? = 0
configure:12449: g++ -E  conftest.cpp
conftest.cpp:23:28: fatal error: ac_nonexistent.h: No such file or directory
 #include <ac_nonexistent.h>
                            ^
compilation terminated.
configure:12449: $? = 1
configure: failed program was:
| /* confdefs.h */
| #define PACKAGE_NAME "uwoarouting"
| #define PACKAGE_TARNAME "uwoarouting"
| #define PACKAGE_VERSION "1.0"
| #define PACKAGE_STRING "uwoarouting 1.0"
| #define PACKAGE_BUGREPORT ""
| #define PACKAGE_URL ""
| #define PACKAGE "uwoarouting"
| #define VERSION "1.0"
| #define STDC_HEADERS 1
| #define HAVE_SYS_TYPES_H 1
| #define HAVE_SYS_STAT_H 1
| #define HAVE_STDLIB_H 1
| #define HAVE_STRING_H 1
| #define HAVE_MEMORY_H 1
| #define HAVE_STRINGS_H 1
| #define HAVE_INTTYPES_H 1
| #define HAVE_STDINT_H 1
| #define HAVE_UNISTD_H 1
| #define HAVE_DLFCN_H 1
| #define LT_OBJDIR ".libs/"
| /* end confdefs.h.  */
| #include <ac_nonexistent.h>
configure:12474: result: g++ -E
configure:12494: g++ -E  conftest.cpp
configure:12494: $? = 0
configure:12508: g++ -E  conftest.cpp
conftest.cpp:23:28: fatal error: ac_nonexistent.h: No such file or directory
 #include <ac_nonexistent.h>
                            ^
compilation terminated.
configure:12508: $? = 1
configure: failed program was:
| /* confdefs.h */
| #define PACKAGE_NAME "uwoarouting"
| #define PACKAGE_TARNAME "uwoarouting"
| #define PACKAGE_VERSION "1.0"
| #define PACKAGE_STRING "uwoarouting 1.0"
| #define PACKAGE_BUGREPORT ""
| #define PACKAGE_URL ""
| #define PACKAGE "uwoarouting"
| #define VERSION "1.0"
| #define STDC_HEADERS 1
| #define HAVE_SYS_TYPES_H 1
| #define HAVE_SYS_STAT_H 1
| #define HAVE_STDLIB_H 1
| #define HAVE_STRING_H 1
| #define HAVE_MEMORY_H 1
| #define HAVE_STRINGS_H 1
| #define HAVE_INTTYPES_H 1
| #define HAVE_STDINT_H 1
| #define HAVE_UNISTD_H 1
| #define HAVE_DLFCN_H 1
| #define LT_OBJDIR ".libs/"
| /* end confdefs.h.  */
| #include <ac_nonexistent.h>
configure:12677: checking for ld used by g++
configure:12744: result: /usr/bin/ld -m elf_x86_64
configure:12751: checking if the linker (/usr/bin/ld -m elf_x86_64) is GNU ld
configure:12766: result: yes
configure:12821: checking whether the g++ linker (/usr/bin/ld -m elf_x86_64) supports shared libraries
configure:13823: result: yes
configure:13859: g++ -c -g -O2  conftest.cpp >&5
configure:13862: $? = 0
configure:14382: checking for g++ option to produce PIC
configure:14389: result: -fPIC -DPIC
configure:14397: checking if g++ PIC flag -fPIC -DPIC works
configure:14415: g++ -c -g -O2  -fPIC -DPIC -DPIC conftest.cpp >&5
configure:14419: $? = 0
configure:14432: result: yes
configure:14455: checking if g++ static flag -static works
configure:14483: result: yes
configure:14495: checking if g++ supports -c -o file.o
configure:14516: g++ -c -g -O2  -o out/conftest2.o conftest.cpp >&5
configure:14520: $? = 0
configure:14542: result: yes
configure:14547: checking if g++ supports -c -o file.o
configure:14594: result: yes
configure:14624: checking whether the g++ linker (/usr/bin/ld -m elf_x86_64) supports shared libraries
configure:14663: result: yes
configure:14804: checking dynamic linker characteristics
configure:15472: result: GNU/Linux ld.so
configure:15525: checking how to hardcode library paths into programs
configure:15550: result: immediate
configure:15680: checking for NS_LDFLAGS and NS_LIBADD type
configure:15695: result: none needed
configure:15728: checking for ns-allinone installation
configure:15751: g++ -E -I/home/eduardo/DESERT_Underwater/DESERT_buildCopy_PC/.buildHost/include -I/home/eduardo/DESERT_Underwater/DESERT_buildCopy_PC/.buildHost/ns-2.34 -I/home/eduardo/DESERT_Underwater/DESERT_buildCopy_PC/.buildHost/tclcl-1.20 -I/home/eduardo/DESERT_Underwater/DESERT_buildCopy_PC/.buildHost/otcl-1.14  -I/home/eduardo/DESERT_Underwater/DESERT_buildCopy_PC/.buildHost/ns-2.34/mac  -I/home/eduardo/DESERT_Underwater/DESERT_buildCopy_PC/.buildHost/ns-2.34/propagation  -I/home/eduardo/DESERT_Underwater/DESERT_buildCopy_PC/.buildHost/ns-2.34/mobile  -I/home/eduardo/DESERT_Underwater/DESERT_buildCopy_PC/.buildHost/ns-2.34/pcap  -I/home/eduardo/DESERT_Underwater/DESERT_buildCopy_PC/.buildHost/ns-2.34/tcp  -I/home/eduardo/DESERT_Underwater/DESERT_buildCopy_PC/.buildHost/ns-2.34/sctp  -I/home/eduardo/DESERT_Underwater/DESERT_buildCopy_PC/.buildHost/ns-2.34/common  -I/home/eduardo/DESERT_Underwater/DESERT_buildCopy_PC/.buildHost/ns-2.34/link  -I/home/eduardo/DESERT_Underwater/DESERT_buildCopy_PC/.buildHost/ns-2.34/queue  -I/home/eduardo/DESERT_Underwater/DESERT_buildCopy_PC/.buildHost/ns-2.34/trace  -I/home/eduardo/DESERT_Underwater/DESERT_buildCopy_PC/.buildHost/ns-2.34/adc  -I/home/eduardo/DESERT_Underwater/DESERT_buildCopy_PC/.buildHost/ns-2.34/apps  -I/home/eduardo/DESERT_Underwater/DESERT_buildCopy_PC/.buildHost/ns-2.34/routing  -I/home/eduardo/DESERT_Underwater/DESERT_buildCopy_PC/.buildHost/ns-2.34/tools  -I/home/eduardo/DESERT_Underwater/DESERT_buildCopy_PC/.buildHost/ns-2.34/classifier  -I/home/eduardo/DESERT_Underwater/DESERT_buildCopy_PC/.buildHost/ns-2.34/mcast  -I/home/eduardo/DESERT_Underwater/DESERT_buildCopy_PC/.buildHost/ns-2.34/diffusion3/lib  -I/home/eduardo/DESERT_Underwater/DESERT_buildCopy_PC/.buildHost/ns-2.34/diffusion3/lib/main  -I/home/eduardo/DESERT_Underwater/DESERT_buildCopy_PC/.buildHost/ns-2.34/diffusion3/lib/nr  -I/home/eduardo/DESERT_Underwater/DESERT_buildCopy_PC/.buildHost/ns-2.34/diffusion3/ns  -I/home/eduardo/DESERT_Underwater/DESERT_buildCopy_PC/.buildHost/ns-2.34/diffusion3/filter_core  -I/home/eduardo/DESERT_Underwater/DESERT_buildCopy_PC/.buildHost/ns-2.34/asim conftest.cpp
configure:15751: $? = 0
configure:15752: result: ok
configure:15764: checking if ns-allinone installation has been patched for dynamic libraries
configure:15785: g++ -E -I/home/eduardo/DESERT_Underwater/DESERT_buildCopy_PC/.buildHost/include -I/home/eduardo/DESERT_Underwater/DESERT_buildCopy_PC/.buildHost/ns-2.34 -I/home/eduardo/DESERT_Underwater/DESERT_buildCopy_PC/.buildHost/tclcl-1.20 -I/home/eduardo/DESERT_Underwater/DESERT_buildCopy_PC/.buildHost/otcl-1.14  -I/home/eduardo/DESERT_Underwater/DESERT_buildCopy_PC/.buildHost/ns-2.34/mac  -I/home/eduardo/DESERT_Underwater/DESERT_buildCopy_PC/.buildHost/ns-2.34/propagation  -I/home/eduardo/DESERT_Underwater/DESERT_buildCopy_PC/.buildHost/ns-2.34/mobile  -I/home/eduardo/DESERT_Underwater/DESERT_buildCopy_PC/.buildHost/ns-2.34/pcap  -I/home/eduardo/DESERT_Underwater/DESERT_buildCopy_PC/.buildHost/ns-2.34/tcp  -I/home/eduardo/DESERT_Underwater/DESERT_buildCopy_PC/.buildHost/ns-2.34/sctp  -I/home/eduardo/DESERT_Underwater/DESERT_buildCopy_PC/.buildHost/ns-2.34/common  -I/home/eduardo/DESERT_Underwater/DESERT_buildCopy_PC/.buildHost/ns-2.34/link  -I/home/eduardo/DESERT_Underwater/DESERT_buildCopy_PC/.buildHost/ns-2.34/queue  -I/home/eduardo/DESERT_Underwater/DESERT_buildCopy_PC/.buildHost/ns-2.34/trace  -I/home/eduardo/DESERT_Underwater/DESERT_buildCopy_PC/.buildHost/ns-2.34/adc  -I/home/eduardo/DESERT_Underwater/DESERT_buildCopy_PC/.buildHost/ns-2.34/apps  -I/home/eduardo/DESERT_Underwater/DESERT_buildCopy_PC/.buildHost/ns-2.34/routing  -I/home/eduardo/DESERT_Underwater/DESERT_buildCopy_PC/.buildHost/ns-2.34/tools  -I/home/eduardo/DESERT_Underwater/DESERT_buildCopy_PC/.buildHost/ns-2.34/classifier  -I/home/eduardo/DESERT_Underwater/DESERT_buildCopy_PC/.buildHost/ns-2.34/mcast  -I/home/eduardo/DESERT_Underwater/DESERT_buildCopy_PC/.buildHost/ns-2.34/diffusion3/lib  -I/home/eduardo/DESERT_Underwater/DESERT_buildCopy_PC/.buildHost/ns-2.34/diffusion3/lib/main  -I/home/eduardo/DESERT_Underwater/DESERT_buildCopy_PC/.buildHost/ns-2.34/diffusion3/lib/nr  -I/home/eduardo/DESERT_Underwater/DESERT_buildCopy_PC/.buildHost/ns-2.34/diffusion3/ns  -I/home/eduardo/DESERT_Underwater/DESERT_buildCopy_PC/.buildHost/ns-2.34/diffusion3/filter_core  -I/home/eduardo/DESERT_Underwater/DESERT_buildCopy_PC/.buildHost/ns-2.34/asim conftest.cpp
configure:15785: $? = 0
configure:15786: result: yes
configure:15817: checking for tcl2c++
configure:15836: found /home/eduardo/DESERT_Underwater/DESERT_buildCopy_PC/.buildHost/tclcl-1.20/tcl2c++
configure:15849: result: /home/eduardo/DESERT_Underwater/DESERT_buildCopy_PC/.buildHost/tclcl-1.20/tcl2c++
configure:15985: checking for nsmiracle headers
configure:16004: g++ -E  -I/home/eduardo/DESERT_Underwater/DESERT_buildCopy_PC/.buildHost/include -I/home/eduardo/DESERT_Underwater/DESERT_buildCopy_PC/.buildHost/ns-2.34 -I/home/eduardo/DESERT_Underwater/DESERT_buildCopy_PC/.buildHost/tclcl-1.20 -I/home/eduardo/DESERT_Underwater/DESERT_buildCopy_PC/.buildHost/otcl-1.14  -I/home/eduardo/DESERT_Underwater/DESERT_buildCopy_PC/.buildHost/ns-2.34/mac  -I/home/eduardo/DESERT_Underwater/DESERT_buildCopy_PC/.buildHost/ns-2.34/propagation  -I/home/eduardo/DESERT_Underwater/DESERT_buildCopy_PC/.buildHost/ns-2.34/mobile  -I/home/eduardo/DESERT_Underwater/DESERT_buildCopy_PC/.buildHost/ns-2.34/pcap  -I/home/eduardo/DESERT_Underwater/DESERT_buildCopy_PC/.buildHost/ns-2.34/tcp  -I/home/eduardo/DESERT_Underwater/DESERT_buildCopy_PC/.buildHost/ns-2.34/sctp  -I/home/eduardo/DESERT_Underwater/DESERT_buildCopy_PC/.buildHost/ns-2.34/common  -I/home/eduardo/DESERT_Underwater/DESERT_buildCopy_PC/.buildHost/ns-2.34/link  -I/home/eduardo/DESERT_Underwater/DESERT_buildCopy_PC/.buildHost/ns-2.34/queue  -I/home/eduardo/DESERT_Underwater/DESERT_buildCopy_PC/.buildHost/ns-2.34/trace  -I/home/eduardo/DESERT_Underwater/DESERT_buildCopy_PC/.buildHost/ns-2.34/adc  -I/home/eduardo/DESERT_Underwater/DESERT_buildCopy_PC/.buildHost/ns-2.34/apps  -I/home/eduardo/DESERT_Underwater/DESERT_buildCopy_PC/.buildHost/ns-2.34/routing  -I/home/eduardo/DESERT_Underwater/DESERT_buildCopy_PC/.buildHost/ns-2.34/tools  -I/home/eduardo/DESERT_Underwater/DESERT_buildCopy_PC/.buildHost/ns-2.34/classifier  -I/home/eduardo/DESERT_Underwater/DESERT_buildCopy_PC/.buildHost/ns-2.34/mcast  -I/home/eduardo/DESERT_Underwater/DESERT_buildCopy_PC/.buildHost/ns-2.34/diffusion3/lib  -I/home/eduardo/DESERT_Underwater/DESERT_buildCopy_PC/.buildHost/ns-2.34/diffusion3/lib/main  -I/home/eduardo/DESERT_Underwater/DESERT_buildCopy_PC/.buildHost/ns-2.34/diffusion3/lib/nr  -I/home/eduardo/DESERT_Underwater/DESERT_buildCopy_PC/.buildHost/ns-2.34/diffusion3/ns  -I/home/eduardo/DESERT_Underwater/DESERT_buildCopy_PC/.buildHost/ns-2.34/diffusion3/filter_core  -I/home/eduardo/DESERT_Underwater/DESERT_buildCopy_PC/.buildHost/ns-2.34/asim  -I/home/eduardo/DESERT_Underwater/DESERT_buildCopy_PC/.buildHost/nsmiracle-1.1.2/nsmiracle -I/home/eduardo/DESERT_Underwater/DESERT_buildCopy_PC/.buildHost/nsmiracle-1.1.2/cbr -I/home/eduardo/DESERT_Underwater/DESERT_buildCopy_PC/.buildHost/nsmiracle-1.1.2/ip -I/home/eduardo/DESERT_Underwater/DESERT_buildCopy_PC/.buildHost/nsmiracle-1.1.2/link -I/home/eduardo/DESERT_Underwater/DESERT_buildCopy_PC/.buildHost/nsmiracle-1.1.2/mac802_11 -I/home/eduardo/DESERT_Underwater/DESERT_buildCopy_PC/.buildHost/nsmiracle-1.1.2/marq -I/home/eduardo/DESERT_Underwater/DESERT_buildCopy_PC/.buildHost/nsmiracle-1.1.2/mobility -I/home/eduardo/DESERT_Underwater/DESERT_buildCopy_PC/.buildHost/nsmiracle-1.1.2/mphy -I/home/eduardo/DESERT_Underwater/DESERT_buildCopy_PC/.buildHost/nsmiracle-1.1.2/mmac -I/home/eduardo/DESERT_Underwater/DESERT_buildCopy_PC/.buildHost/nsmiracle-1.1.2/phy802_11 -I/home/eduardo/DESERT_Underwater/DESERT_buildCopy_PC/.buildHost/nsmiracle-1.1.2/port -I/home/eduardo/DESERT_Underwater/DESERT_buildCopy_PC/.buildHost/nsmiracle-1.1.2/tcp -I/home/eduardo/DESERT_Underwater/DESERT_buildCopy_PC/.buildHost/nsmiracle-1.1.2/wirelessch -I/home/eduardo/DESERT_Underwater/DESERT_buildCopy_PC/.buildHost/nsmiracle-1.1.2/aodv -I/home/eduardo/DESERT_Underwater/DESERT_buildCopy_PC/.buildHost/nsmiracle-1.1.2/mll -I/home/eduardo/DESERT_Underwater/DESERT_buildCopy_PC/.buildHost/nsmiracle-1.1.2/routing -I/home/eduardo/DESERT_Underwater/DESERT_buildCopy_PC/.buildHost/nsmiracle-1.1.2/aodv conftest.cpp
configure:16004: $? = 0
configure:16006: result: yes
configure:16141: checking for desert headers
configure:16159: g++ -E  -I/home/eduardo/DESERT_Underwater/DESERT_buildCopy_PC/.buildHost/include -I/home/eduardo/DESERT_Underwater/DESERT_buildCopy_PC/.buildHost/ns-2.34 -I/home/eduardo/DESERT_Underwater/DESERT_buildCopy_PC/.buildHost/tclcl-1.20 -I/home/eduardo/DESERT_Underwater/DESERT_buildCopy_PC/.buildHost/otcl-1.14  -I/home/eduardo/DESERT_Underwater/DESERT_buildCopy_PC/.buildHost/ns-2.34/mac  -I/home/eduardo/DESERT_Underwater/DESERT_buildCopy_PC/.buildHost/ns-2.34/propagation  -I/home/eduardo/DESERT_Underwater/DESERT_buildCopy_PC/.buildHost/ns-2.34/mobile  -I/home/eduardo/DESERT_Underwater/DESERT_buildCopy_PC/.buildHost/ns-2.34/pcap  -I/home/eduardo/DESERT_Underwater/DESERT_buildCopy_PC/.buildHost/ns-2.34/tcp  -I/home/eduardo/DESERT_Underwater/DESERT_buildCopy_PC/.buildHost/ns-2.34/sctp  -I/home/eduardo/DESERT_Underwater/DESERT_buildCopy_PC/.buildHost/ns-2.34/common  -I/home/eduardo/DESERT_Underwater/DESERT_buildCopy_PC/.buildHost/ns-2.34/link  -I/home/eduardo/DESERT_Underwater/DESERT_buildCopy_PC/.buildHost/ns-2.34/queue  -I/home/eduardo/DESERT_Underwater/DESERT_buildCopy_PC/.buildHost/ns-2.34/trace  -I/home/eduardo/DESERT_Underwater/DESERT_buildCopy_PC/.buildHost/ns-2.34/adc  -I/home/eduardo/DESERT_Underwater/DESERT_buildCopy_PC/.buildHost/ns-2.34/apps  -I/home/eduardo/DESERT_Underwater/DESERT_buildCopy_PC/.buildHost/ns-2.34/routing  -I/home/eduardo/DESERT_Underwater/DESERT_buildCopy_PC/.buildHost/ns-2.34/tools  -I/home/eduardo/DESERT_Underwater/DESERT_buildCopy_PC/.buildHost/ns-2.34/classifier  -I/home/eduardo/DESERT_Underwater/DESERT_buildCopy_PC/.buildHost/ns-2.34/mcast  -I/home/eduardo/DESERT_Underwater/DESERT_buildCopy_PC/.buildHost/ns-2.34/diffusion3/lib  -I/home/eduardo/DESERT_Underwater/DESERT_buildCopy_PC/.buildHost/ns-2.34/diffusion3/lib/main  -I/home/eduardo/DESERT_Underwater/DESERT_buildCopy_PC/.buildHost/ns-2.34/diffusion3/lib/nr  -I/home/eduardo/DESERT_Underwater/DESERT_buildCopy_PC/.buildHost/ns-2.34/diffusion3/ns  -I/home/eduardo/DESERT_Underwater/DESERT_buildCopy_PC/.buildHost/ns-2.34/diffusion3/filter_core  -I/home/eduardo/DESERT_Underwater/DESERT_buildCopy_PC/.buildHost/ns-2.34/asim  -I/home/eduardo/DESERT_Underwater/DESERT_buildCopy_PC/.buildHost/nsmiracle-1.1.2/nsmiracle -I/home/eduardo/DESERT_Underwater/DESERT_buildCopy_PC/.buildHost/nsmiracle-1.1.2/cbr -I/home/eduardo/DESERT_Underwater/DESERT_buildCopy_PC/.buildHost/nsmiracle-1.1.2/ip -I/home/eduardo/DESERT_Underwater/DESERT_buildCopy_PC/.buildHost/nsmiracle-1.1.2/link -I/home/eduardo/DESERT_Underwater/DESERT_buildCopy_PC/.buildHost/nsmiracle-1.1.2/mac802_11 -I/home/eduardo/DESERT_Underwater/DESERT_buildCopy_PC/.buildHost/nsmiracle-1.1.2/marq -I/home/eduardo/DESERT_Underwater/DESERT_buildCopy_PC/.buildHost/nsmiracle-1.1.2/mobility -I/home/eduardo/DESERT_Underwater/DESERT_buildCopy_PC/.buildHost/nsmiracle-1.1.2/mphy -I/home/eduardo/DESERT_Underwater/DESERT_buildCopy_PC/.buildHost/nsmiracle-1.1.2/mmac -I/home/eduardo/DESERT_Underwater/DESERT_buildCopy_PC/.buildHost/nsmiracle-1.1.2/phy802_11 -I/home/eduardo/DESERT_Underwater/DESERT_buildCopy_PC/.buildHost/nsmiracle-1.1.2/port -I/home/eduardo/DESERT_Underwater/DESERT_buildCopy_PC/.buildHost/nsmiracle-1.1.2/tcp -I/home/eduardo/DESERT_Underwater/DESERT_buildCopy_PC/.buildHost/nsmiracle-1.1.2/wirelessch -I/home/eduardo/DESERT_Underwater/DESERT_buildCopy_PC/.buildHost/nsmiracle-1.1.2/aodv -I/home/eduardo/DESERT_Underwater/DESERT_buildCopy_PC/.buildHost/nsmiracle-1.1.2/mll -I/home/eduardo/DESERT_Underwater/DESERT_buildCopy_PC/.buildHost/nsmiracle-1.1.2/routing -I/home/eduardo/DESERT_Underwater/DESERT_buildCopy_PC/.buildHost/nsmiracle-1.1.2/aodv conftest.cpp
configure:16159: $? = 0
configure:16160: result: yes
configure:16349: checking that generated files are newer than configure
configure:16355: result: done
configure:16390: creating ./config.status

## ---------------------- ##
## Running config.status. ##
## ---------------------- ##

This file was extended by uwoarouting config.status 1.0, which was
generated by GNU Autoconf 2.69.  Invocation command line was

  CONFIG_FILES    = 
  CONFIG_HEADERS  = 
  CONFIG_LINKS    = 
  CONFIG_COMMANDS = 
  $ ./config.status 

on BELOHORIZONTE

config.status:1123: creating Makefile
config.status:1123: creating src/Makefile
config.status:1123: creating m4/Makefile
config.status:1295: executing depfiles commands
config.status:1295: executing libtool commands

## ---------------- ##
## Cache variables. ##
## ---------------- ##

ac_cv_build=x86_64-unknown-linux-gnu
ac_cv_c_compiler_gnu=yes
ac_cv_cxx_compiler_gnu=yes
ac_cv_env_CCC_set=
ac_cv_env_CCC_value=
ac_cv_env_CC_set=
ac_cv_env_CC_value=
ac_cv_env_CFLAGS_set=
ac_cv_env_CFLAGS_value=
ac_cv_env_CPPFLAGS_set=
ac_cv_env_CPPFLAGS_value=
ac_cv_env_CPP_set=
ac_cv_env_CPP_value=
ac_cv_env_CXXCPP_set=
ac_cv_env_CXXCPP_value=
ac_cv_env_CXXFLAGS_set=
ac_cv_env_CXXFLAGS_value=
ac_cv_env_CXX_set=
ac_cv_env_CXX_value=
ac_cv_env_LDFLAGS_set=
ac_cv_env_LDFLAGS_value=
ac_cv_env_LIBS_set=
ac_cv_env_LIBS_value=
ac_cv_env_TCL2CPP_set=
ac_cv_env_TCL2CPP_value=
ac_cv_env_build_alias_set=
ac_cv_env_build_alias_value=
ac_cv_env_host_alias_set=
ac_cv_env_host_alias_value=
ac_cv_env_target_alias_set=
ac_cv_env_target_alias_value=
ac_cv_header_dlfcn_h=yes
ac_cv_header_inttypes_h=yes
ac_cv_header_memory_h=yes
ac_cv_header_stdc=yes
ac_cv_header_stdint_h=yes
ac_cv_header_stdlib_h=yes
ac_cv_header_string_h=yes
ac_cv_header_strings_h=yes
ac_cv_header_sys_stat_h=yes
ac_cv_header_sys_types_h=yes
ac_cv_header_unistd_h=yes
ac_cv_host=x86_64-unknown-linux-gnu
ac_cv_objext=o
ac_cv_path_EGREP='/bin/grep -E'
ac_cv_path_FGREP='/bin/grep -F'
ac_cv_path_GREP=/bin/grep
ac_cv_path_SED=/bin/sed
ac_cv_path_TCL2CPP=/home/eduardo/DESERT_Underwater/DESERT_buildCopy_PC/.buildHost/tclcl-1.20/tcl2c++
ac_cv_path_install='/usr/bin/install -c'
ac_cv_path_mkdir=/bin/mkdir
ac_cv_prog_AWK=gawk
ac_cv_prog_CPP='gcc -E'
ac_cv_prog_CXXCPP='g++ -E'
ac_cv_prog_ac_ct_AR=ar
ac_cv_prog_ac_ct_CC=gcc
ac_cv_prog_ac_ct_CXX=g++
ac_cv_prog_ac_ct_DLLTOOL=dlltool
ac_cv_prog_ac_ct_MANIFEST_TOOL=mt
ac_cv_prog_ac_ct_OBJDUMP=objdump
ac_cv_prog_ac_ct_RANLIB=ranlib
ac_cv_prog_ac_ct_STRIP=strip
ac_cv_prog_cc_c89=
ac_cv_prog_cc_g=yes
ac_cv_prog_cxx_g=yes
ac_cv_prog_make_make_set=yes
am_cv_CC_dependencies_compiler_type=gcc3
am_cv_CXX_dependencies_compiler_type=gcc3
am_cv_ar_interface=ar
am_cv_make_support_nested_variables=yes
am_cv_prog_cc_c_o=yes
lt_cv_ar_at_file=@
lt_cv_archive_cmds_need_lc=no
lt_cv_deplibs_check_method=pass_all
lt_cv_file_magic_cmd='$MAGIC_CMD'
lt_cv_file_magic_test_file=
lt_cv_ld_reload_flag=-r
lt_cv_nm_interface='BSD nm'
lt_cv_objdir=.libs
lt_cv_path_LD=/usr/bin/ld
lt_cv_path_LDCXX='/usr/bin/ld -m elf_x86_64'
lt_cv_path_NM='/usr/bin/nm -B'
lt_cv_path_mainfest_tool=no
lt_cv_prog_compiler_c_o=yes
lt_cv_prog_compiler_c_o_CXX=yes
lt_cv_prog_compiler_pic='-fPIC -DPIC'
lt_cv_prog_compiler_pic_CXX='-fPIC -DPIC'
lt_cv_prog_compiler_pic_works=yes
lt_cv_prog_compiler_pic_works_CXX=yes
lt_cv_prog_compiler_rtti_exceptions=no
lt_cv_prog_compiler_static_works=yes
lt_cv_prog_compiler_static_works_CXX=yes
lt_cv_prog_gnu_ld=yes
lt_cv_prog_gnu_ldcxx=yes
lt_cv_sharedlib_from_linklib_cmd='printf %s\n'
lt_cv_shlibpath_overrides_runpath=no
lt_cv_sys_global_symbol_pipe='sed -n -e '\''s/^.*[	 ]\([ABCDGIRSTW][ABCDGIRSTW]*\)[	 ][	 ]*\([_A-Za-z][_A-Za-z0-9]*\)$/\1 \2 \2/p'\'' | sed '\''/ __gnu_lto/d'\'''
lt_cv_sys_global_symbol_to_c_name_address='sed -n -e '\''s/^: \([^ ]*\)[ ]*$/  {\"\1\", (void *) 0},/p'\'' -e '\''s/^[ABCDGIRSTW]* \([^ ]*\) \([^ ]*\)$/  {"\2", (void *) \&\2},/p'\'''
lt_cv_sys_global_symbol_to_c_name_address_lib_prefix='sed -n -e '\''s/^: \([^ ]*\)[ ]*$/  {\"\1\", (void *) 0},/p'\'' -e '\''s/^[ABCDGIRSTW]* \([^ ]*\) \(lib[^ ]*\)$/  {"\2", (void *) \&\2},/p'\'' -e '\''s/^[ABCDGIRSTW]* \([^ ]*\) \([^ ]*\)$/  {"lib\2", (void *) \&\2},/p'\'''
lt_cv_sys_global_symbol_to_cdecl='sed -n -e '\''s/^T .* \(.*\)$/extern int \1();/p'\'' -e '\''s/^[ABCDGIRSTW]* .* \(.*\)$/extern char \1;/p'\'''
lt_cv_sys_max_cmd_len=1572864
lt_cv_to_host_file_cmd=func_convert_file_noop
lt_cv_to_tool_file_cmd=func_convert_file_noop

## ----------------- ##
## Output variables. ##
## ----------------- ##

ACLOCAL='${SHELL} /home/eduardo/DESERT_Underwater/DESERT_Framework/DESERT/missing aclocal-1.14'
AMDEPBACKSLASH='\'
AMDEP_FALSE='#'
AMDEP_TRUE=''
AMTAR='$${TAR-tar}'
AM_BACKSLASH='\'
AM_DEFAULT_V='$(AM_DEFAULT_VERBOSITY)'
AM_DEFAULT_VERBOSITY='1'
AM_V='$(V)'
AR='ar'
AS='as'
AUTOCONF='${SHELL} /home/eduardo/DESERT_Underwater/DESERT_Framework/DESERT/missing autoconf'
AUTOHEADER='${SHELL} /home/eduardo/DESERT_Underwater/DESERT_Framework/DESERT/missing autoheader'
AUTOMAKE='${SHELL} /home/eduardo/DESERT_Underwater/DESERT_Framework/DESERT/missing automake-1.14'
AWK='gawk'
CC='gcc'
CCDEPMODE='depmode=gcc3'
CFLAGS='-g -O2 -Wall'
CPP='gcc -E'
CPPFLAGS=''
CXX='g++'
CXXCPP='g++ -E'
CXXDEPMODE='depmode=gcc3'
CXXFLAGS='-g -O2'
CYGPATH_W='echo'
DEFS='-DPACKAGE_NAME=\"uwoarouting\" -DPACKAGE_TARNAME=\"uwoarouting\" -DPACKAGE_VERSION=\"1.0\" -DPACKAGE_STRING=\"uwoarouting\ 1.0\" -DPACKAGE_BUGREPORT=\"\" -DPACKAGE_URL=\"\" -DPACKAGE=\"uwoarouting\" -DVERSION=\"1.0\" -DSTDC_HEADERS=1 -DHAVE_SYS_TYPES_H=1 -DHAVE_SYS_STAT_H=1 -DHAVE_STDLIB_H=1 -DHAVE_STRING_H=1 -DHAVE_MEMORY_H=1 -DHAVE_STRINGS_H=1 -DHAVE_INTTYPES_H=1 -DHAVE_STDINT_H=1 -DHAVE_UNISTD_H=1 -DHAVE_DLFCN_H=1 -DLT_OBJDIR=\".libs/\" -DCPP_NAMESPACE=std'
DEPDIR='.deps'
DESERT_CPPFLAGS=''
DESERT_DISTCHECK_CONFIGURE_FLAGS=''
DESERT_LDFLAGS=''
DESERT_LDFLAGS_BUILD=''
DESERT_LIBADD=''
DLLTOOL='dlltool'
DSYMUTIL=''
DUMPBIN=''
ECHO_C=''
ECHO_N='-n'
ECHO_T=''
EGREP='/bin/grep -E'
EXEEXT=''
FGREP='/bin/grep -F'
GREP='/bin/grep'
HAVE_DESERT_FALSE='#'
HAVE_DESERT_TRUE=''
HAVE_NSMIRACLE_FALSE='#'
HAVE_NSMIRACLE_TRUE=''
INSTALL_DATA='${INSTALL} -m 644'
INSTALL_PROGRAM='${INSTALL}'
INSTALL_SCRIPT='${INSTALL}'
INSTALL_STRIP_PROGRAM='$(install_sh) -c -s'
LD='/usr/bin/ld -m elf_x86_64'
LDFLAGS=''
LIBOBJS=''
LIBS=''
LIBTOOL='$(SHELL) $(top_builddir)/libtool'
LIPO=''
LN_S='ln -s'
LTLIBOBJS=''
MAKEINFO='${SHELL} /home/eduardo/DESERT_Underwater/DESERT_Framework/DESERT/missing makeinfo'
MANIFEST_TOOL=':'
MKDIR_P='/bin/mkdir -p'
NM='/usr/bin/nm -B'
NMEDIT=''
NSMIRACLE_CPPFLAGS=' -I/home/eduardo/DESERT_Underwater/DESERT_buildCopy_PC/.buildHost/nsmiracle-1.1.2/nsmiracle -I/home/eduardo/DESERT_Underwater/DESERT_buildCopy_PC/.buildHost/nsmiracle-1.1.2/cbr -I/home/eduardo/DESERT_Underwater/DESERT_buildCopy_PC/.buildHost/nsmiracle-1.1.2/ip -I/home/eduardo/DESERT_Underwater/DESERT_buildCopy_PC/.buildHost/nsmiracle-1.1.2/link -I/home/eduardo/DESERT_Underwater/DESERT_buildCopy_PC/.buildHost/nsmiracle-1.1.2/mac802_11 -I/home/eduardo/DESERT_Underwater/DESERT_buildCopy_PC/.buildHost/nsmiracle-1.1.2/marq -I/home/eduardo/DESERT_Underwater/DESERT_buildCopy_PC/.buildHost/nsmiracle-1.1.2/mobility -I/home/eduardo/DESERT_Underwater/DESERT_buildCopy_PC/.buildHost/nsmiracle-1.1.2/mphy -I/home/eduardo/DESERT_Underwater/DESERT_buildCopy_PC/.buildHost/nsmiracle-1.1.2/mmac -I/home/eduardo/DESERT_Underwater/DESERT_buildCopy_PC/.buildHost/nsmiracle-1.1.2/phy802_11 -I/home/eduardo/DESERT_Underwater/DESERT_buildCopy_PC/.buildHost/nsmiracle-1.1.2/port -I/home/eduardo/DESERT_Underwater/DESERT_buildCopy_PC/.buildHost/nsmiracle-1.1.2/tcp -I/home/eduardo/DESERT_Underwater/DESERT_buildCopy_PC/.buildHost/nsmiracle-1.1.2/wirelessch -I/home/eduardo/DESERT_Underwater/DESERT_buildCopy_PC/.buildHost/nsmiracle-1.1.2/aodv -I/home/eduardo/DESERT_Underwater/DESERT_buildCopy_PC/.buildHost/nsmiracle-1.1.2/mll -I/home/eduardo/DESERT_Underwater/DESERT_buildCopy_PC/.buildHost/nsmiracle-1.1.2/routing -I/home/eduardo/DESERT_Underwater/DESERT_buildCopy_PC/.buildHost/nsmiracle-1.1.2/aodv'
NSMIRACLE_DISTCHECK_CONFIGURE_FLAGS='--with-nsmiracle=/home/eduardo/DESERT_Underwater/DESERT_buildCopy_PC/.buildHost/nsmiracle-1.1.2'
NSMIRACLE_LDFLAGS=' -L/home/eduardo/DESERT_Underwater/DESERT_buildCopy_PC/.buildHost/nsmiracle-1.1.2/nsmiracle -L/home/eduardo/DESERT_Underwater/DESERT_buildCopy_PC/.buildHost/nsmiracle-1.1.2/cbr -L/home/eduardo/DESERT_Underwater/DESERT_buildCopy_PC/.buildHost/nsmiracle-1.1.2/ip -L/home/eduardo/DESERT_Underwater/DESERT_buildCopy_PC/.buildHost/nsmiracle-1.1.2/link -L/home/eduardo/DESERT_Underwater/DESERT_buildCopy_PC/.buildHost/nsmiracle-1.1.2/mac802_11 -L/home/eduardo/DESERT_Underwater/DESERT_buildCopy_PC/.buildHost/nsmiracle-1.1.2/marq -L/home/eduardo/DESERT_Underwater/DESERT_buildCopy_PC/.buildHost/nsmiracle-1.1.2/mobility -L/home/eduardo/DESERT_Underwater/DESERT_buildCopy_PC/.buildHost/nsmiracle-1.1.2/mphy -L/home/eduardo/DESERT_Underwater/DESERT_buildCopy_PC/.buildHost/nsmiracle-1.1.2/mmac -L/home/eduardo/DESERT_Underwater/DESERT_buildCopy_PC/.buildHost/nsmiracle-1.1.2/phy802_11 -L/home/eduardo/DESERT_Underwater/DESERT_buildCopy_PC/.buildHost/nsmiracle-1.1.2/port -L/home/eduardo/DESERT_Underwater/DESERT_buildCopy_PC/.buildHost/nsmiracle-1.1.2/tcp -L/home/eduardo/DESERT_Underwater/DESERT_buildCopy_PC/.buildHost/nsmiracle-1.1.2/wirelessch -L/home/eduardo/DESERT_Underwater/DESERT_buildCopy_PC/.buildHost/nsmiracle-1.1.2/aodv -L/home/eduardo/DESERT_Underwater/DESERT_buildCopy_PC/.buildHost/nsmiracle-1.1.2/mll -L/home/eduardo/DESERT_Underwater/DESERT_buildCopy_PC/.buildHost/nsmiracle-1.1.2/routing -L/home/eduardo/DESERT_Underwater/DESERT_buildCopy_PC/.buildHost/nsmiracle-1.1.2/aodv'
NSMIRACLE_LIBADD=' -lMiracleBasicMovement -lmiracletcp -lMiracleWirelessCh -lmiraclecbr -lMiracleIp -lMiraclePhy802_11 -lMiracleMac802_11 -lmiracleport -lMiracle -lmphy -lmarq -lmmac -lmll -lmiraclelink -lMiracleRouting -lMiracleAodv'
NS_ALLINONE_DISTCHECK_CONFIGURE_FLAGS='--with-ns-allinone=/home/eduardo/DESERT_Underwater/DESERT_buildCopy_PC/.buildHost'
NS_CPPFLAGS='-I/home/eduardo/DESERT_Underwater/DESERT_buildCopy_PC/.buildHost/include -I/home/eduardo/DESERT_Underwater/DESERT_buildCopy_PC/.buildHost/ns-2.34 -I/home/eduardo/DESERT_Underwater/DESERT_buildCopy_PC/.buildHost/tclcl-1.20 -I/home/eduardo/DESERT_Underwater/DESERT_buildCopy_PC/.buildHost/otcl-1.14  -I/home/eduardo/DESERT_Underwater/DESERT_buildCopy_PC/.buildHost/ns-2.34/mac  -I/home/eduardo/DESERT_Underwater/DESERT_buildCopy_PC/.buildHost/ns-2.34/propagation  -I/home/eduardo/DESERT_Underwater/DESERT_buildCopy_PC/.buildHost/ns-2.34/mobile  -I/home/eduardo/DESERT_Underwater/DESERT_buildCopy_PC/.buildHost/ns-2.34/pcap  -I/home/eduardo/DESERT_Underwater/DESERT_buildCopy_PC/.buildHost/ns-2.34/tcp  -I/home/eduardo/DESERT_Underwater/DESERT_buildCopy_PC/.buildHost/ns-2.34/sctp  -I/home/eduardo/DESERT_Underwater/DESERT_buildCopy_PC/.buildHost/ns-2.34/common  -I/home/eduardo/DESERT_Underwater/DESERT_buildCopy_PC/.buildHost/ns-2.34/link  -I/home/eduardo/DESERT_Underwater/DESERT_buildCopy_PC/.buildHost/ns-2.34/queue  -I/home/eduardo/DESERT_Underwater/DESERT_buildCopy_PC/.buildHost/ns-2.34/trace  -I/home/eduardo/DESERT_Underwater/DESERT_buildCopy_PC/.buildHost/ns-2.34/adc  -I/home/eduardo/DESERT_Underwater/DESERT_buildCopy_PC/.buildHost/ns-2.34/apps  -I/home/eduardo/DESERT_Underwater/DESERT_buildCopy_PC/.buildHost/ns-2.34/routing  -I/home/eduardo/DESERT_Underwater/DESERT_buildCopy_PC/.buildHost/ns-2.34/tools  -I/home/eduardo/DESERT_Underwater/DESERT_buildCopy_PC/.buildHost/ns-2.34/classifier  -I/home/eduardo/DESERT_Underwater/DESERT_buildCopy_PC/.buildHost/ns-2.34/mcast  -I/home/eduardo/DESERT_Underwater/DESERT_buildCopy_PC/.buildHost/ns-2.34/diffusion3/lib  -I/home/eduardo/DESERT_Underwater/DESERT_buildCopy_PC/.buildHost/ns-2.34/diffusion3/lib/main  -I/home/eduardo/DESERT_Underwater/DESERT_buildCopy_PC/.buildHost/ns-2.34/diffusion3/lib/nr  -I/home/eduardo/DESERT_Underwater/DESERT_buildCopy_PC/.buildHost/ns-2.34/diffusion3/ns  -I/home/eduardo/DESERT_Underwater/DESERT_buildCopy_PC/.buildHost/ns-2.34/diffusion3/filter_core  -I/home/eduardo/DESERT_Underwater/DESERT_buildCopy_PC/.buildHost/ns-2.34/asim'
NS_LDFLAGS=''
NS_LIBADD=''
OBJDUMP='objdump'
OBJEXT='o'
OTOOL64=''
OTOOL=''
PACKAGE='uwoarouting'
PACKAGE_BUGREPORT=''
PACKAGE_NAME='uwoarouting'
PACKAGE_STRING='uwoarouting 1.0'
PACKAGE_TARNAME='uwoarouting'
PACKAGE_URL=''
PACKAGE_VERSION='1.0'
PATH_SEPARATOR=':'
RANLIB='ranlib'
SED='/bin/sed'
SET_MAKE=''
SHELL='/bin/bash'
STRIP='strip'
TCL2CPP='/home/eduardo/DESERT_Underwater/DESERT_buildCopy_PC/.buildHost/tclcl-1.20/tcl2c++'
VERSION='1.0'
ac_ct_AR='ar'
ac_ct_CC='gcc'
ac_ct_CXX='g++'
ac_ct_DUMPBIN=''
am__EXEEXT_FALSE=''
am__EXEEXT_TRUE='#'
am__fastdepCC_FALSE='#'
am__fastdepCC_TRUE=''
am__fastdepCXX_FALSE='#'
am__fastdepCXX_TRUE=''
am__include='include'
am__isrc=''
am__leading_dot='.'
am__nodep='_no'
am__quote=''
am__tar='$${TAR-tar} chof - "$$tardir"'
am__untar='$${TAR-tar} xf -'
bindir='${exec_prefix}/bin'
build='x86_64-unknown-linux-gnu'
build_alias=''
build_cpu='x86_64'
build_os='linux-gnu'
build_vendor='unknown'
datadir='${datarootdir}'
datarootdir='${prefix}/share'
docdir='${datarootdir}/doc/${PACKAGE_TARNAME}'
dvidir='${docdir}'
exec_prefix='${prefix}'
host='x86_64-unknown-linux-gnu'
host_alias=''
host_cpu='x86_64'
host_os='linux-gnu'
host_vendor='unknown'
htmldir='${docdir}'
includedir='${prefix}/include'
infodir='${datarootdir}/info'
install_sh='${SHELL} /home/eduardo/DESERT_Underwater/DESERT_Framework/DESERT/install-sh'
libdir='${exec_prefix}/lib'
libexecdir='${exec_prefix}/libexec'
localedir='${datarootdir}/locale'
localstatedir='${prefix}/var'
mandir='${datarootdir}/man'
mkdir_p='$(MKDIR_P)'
oldincludedir='/usr/include'
pdfdir='${docdir}'
prefix='/usr/local'
program_transform_name='s,x,x,'
psdir='${docdir}'
sbindir='${exec_prefix}/sbin'
sharedstatedir='${prefix}/com'
sysconfdir='${prefix}/etc'
target_alias=''

## ----------- ##
## confdefs.h. ##
## ----------- ##

/* confdefs.h */
#define PACKAGE_NAME "uwoarouting"
#define PACKAGE_TARNAME "uwoarouting"
#define PACKAGE_VERSION "1.0"
#define PACKAGE_STRING "uwoarouting 1.0"
#define PACKAGE_BUGREPORT ""
#define PACKAGE_URL ""
#define PACKAGE "uwoarouting"
#define VERSION "1.0"
#define STDC_HEADERS 1
#define HAVE_SYS_TYPES_H 1
#define HAVE_SYS_STAT_H 1
#define HAVE_STDLIB_H 1
#define HAVE_STRING_H 1
#define HAVE_MEMORY_H 1
#define HAVE_STRINGS_H 1
#define HAVE_INTTYPES_H 1
#define HAVE_STDINT_H 1
#define HAVE_UNISTD_H 1
#define HAVE_DLFCN_H 1
#define LT_OBJDIR ".libs/"
#define CPP_NAMESPACE std

configure: exit 0
